[2024-05-05 16:57:17,197 INFO 4190946745 - Model Training process started!:]
[2024-05-05 16:57:17,203 INFO common - yaml file: config\config.yaml loaded successfully]
[2024-05-05 16:57:17,208 INFO common - yaml file: params.yaml loaded successfully]
[2024-05-05 16:57:17,217 INFO common - yaml file: schema.yaml loaded successfully]
[2024-05-05 16:57:17,218 INFO common - created directory at: artifacts]
[2024-05-05 16:57:17,219 INFO common - created directory at: artifacts/model_trainer]
[2024-05-05 16:59:35,646 INFO 4190946745 - Model Training process started!:]
[2024-05-05 16:59:35,649 INFO common - yaml file: config\config.yaml loaded successfully]
[2024-05-05 16:59:35,651 INFO common - yaml file: params.yaml loaded successfully]
[2024-05-05 16:59:35,653 INFO common - yaml file: schema.yaml loaded successfully]
[2024-05-05 16:59:35,654 INFO common - created directory at: artifacts]
[2024-05-05 16:59:35,655 INFO common - created directory at: artifacts/model_trainer]
[2024-05-05 17:00:33,647 INFO 3822818654 - Model Training process started!:]
[2024-05-05 17:00:33,650 INFO common - yaml file: config\config.yaml loaded successfully]
[2024-05-05 17:00:33,652 INFO common - yaml file: params.yaml loaded successfully]
[2024-05-05 17:00:33,654 INFO common - yaml file: schema.yaml loaded successfully]
[2024-05-05 17:00:33,655 INFO common - created directory at: artifacts]
[2024-05-05 17:00:33,656 INFO common - created directory at: artifacts/model_trainer]
[2024-05-05 17:00:33,697 INFO 3822818654 - Model Training process completed!]
[2024-05-05 17:40:30,142 INFO main - >>>>>>> Model training pipeline started! <<<<<<<<]
[2024-05-05 17:40:30,142 INFO model_training_pipeline - Model Training process started...]
[2024-05-05 17:40:30,145 INFO common - yaml file: config\config.yaml loaded successfully]
[2024-05-05 17:40:30,149 INFO common - yaml file: params.yaml loaded successfully]
[2024-05-05 17:40:30,154 INFO common - yaml file: schema.yaml loaded successfully]
[2024-05-05 17:40:30,154 INFO common - created directory at: artifacts]
[2024-05-05 17:40:30,155 INFO common - created directory at: artifacts/model_trainer]
[2024-05-05 17:40:30,182 INFO model_training_pipeline - Model Training process Completed!]
[2024-05-05 17:40:30,183 INFO main - >>>>>>> Model training pipeline completed! <<<<<<<<]
[2024-05-05 18:11:09,448 INFO 3502542471 - Model Evaluation process started!:]
[2024-05-05 18:11:09,461 INFO common - yaml file: config\config.yaml loaded successfully]
[2024-05-05 18:11:09,463 INFO common - yaml file: params.yaml loaded successfully]
[2024-05-05 18:11:09,465 INFO common - yaml file: schema.yaml loaded successfully]
[2024-05-05 18:11:09,466 INFO common - created directory at: artifacts]
[2024-05-05 18:11:59,894 INFO 3502542471 - Model Evaluation process started!:]
[2024-05-05 18:11:59,898 INFO common - yaml file: config\config.yaml loaded successfully]
[2024-05-05 18:11:59,899 INFO common - yaml file: params.yaml loaded successfully]
[2024-05-05 18:11:59,902 INFO common - yaml file: schema.yaml loaded successfully]
[2024-05-05 18:11:59,902 INFO common - created directory at: artifacts]
[2024-05-05 18:11:59,903 INFO common - created directory at: artifacts/model_evaluator]
[2024-05-05 18:17:26,968 INFO 3502542471 - Model Evaluation process started!:]
[2024-05-05 18:17:26,971 INFO common - yaml file: config\config.yaml loaded successfully]
[2024-05-05 18:17:26,972 INFO common - yaml file: params.yaml loaded successfully]
[2024-05-05 18:17:26,974 INFO common - yaml file: schema.yaml loaded successfully]
[2024-05-05 18:17:26,975 INFO common - created directory at: artifacts]
[2024-05-05 18:17:26,976 INFO common - created directory at: artifacts/model_evaluator]
[2024-05-05 18:18:08,394 INFO 3502542471 - Model Evaluation process started!:]
[2024-05-05 18:18:08,398 INFO common - yaml file: config\config.yaml loaded successfully]
[2024-05-05 18:18:08,399 INFO common - yaml file: params.yaml loaded successfully]
[2024-05-05 18:18:08,401 INFO common - yaml file: schema.yaml loaded successfully]
[2024-05-05 18:18:08,403 INFO common - created directory at: artifacts]
[2024-05-05 18:18:08,404 INFO common - created directory at: artifacts/model_evaluator]
[2024-05-05 18:18:08,416 INFO common - json file saved at: artifacts\model_evaluator\metrics.json]
[2024-05-05 18:18:08,417 INFO 3502542471 - Model Evaluation process completed!]
[2024-05-05 18:25:57,012 INFO main - >>>>>>> Model evaluation pipeline started! <<<<<<<<]
[2024-05-05 18:25:57,013 INFO model_evaluation_pipeline - Model Evaluation process started!:]
[2024-05-05 18:25:57,015 INFO common - yaml file: config\config.yaml loaded successfully]
[2024-05-05 18:25:57,016 INFO common - yaml file: params.yaml loaded successfully]
[2024-05-05 18:25:57,018 INFO common - yaml file: schema.yaml loaded successfully]
[2024-05-05 18:25:57,018 INFO common - created directory at: artifacts]
[2024-05-05 18:25:57,019 INFO common - created directory at: artifacts/model_evaluator]
[2024-05-05 18:25:57,027 INFO common - json file saved at: artifacts\model_evaluator\metrics.json]
[2024-05-05 18:25:57,028 INFO model_evaluation_pipeline - Model Evaluation process completed!]
[2024-05-05 18:25:57,028 INFO main - >>>>>>> Model evaluation pipeline completed! <<<<<<<<]
[2024-05-05 18:52:46,955 INFO main - >>>>>>> Data ingestion pipeline started! <<<<<<<<]
[2024-05-05 18:52:46,957 INFO data_ingestion_pipeline - Data Ingestion process started...]
[2024-05-05 18:52:46,959 INFO common - yaml file: config\config.yaml loaded successfully]
[2024-05-05 18:52:46,960 INFO common - yaml file: params.yaml loaded successfully]
[2024-05-05 18:52:46,962 INFO common - yaml file: schema.yaml loaded successfully]
[2024-05-05 18:52:46,963 INFO common - created directory at: artifacts]
[2024-05-05 18:52:46,963 INFO common - created directory at: artifacts/data_ingestion]
[2024-05-05 18:52:47,682 INFO data_ingestion - Downloaded artifacts/data_ingestion/data.zip of size ~ 23 KB from https://github.com//entbappy//Branching-tutorial//raw//master//winequality-data.zip with the following info: 
 Connection: close
Content-Length: 23329
Cache-Control: max-age=300
Content-Security-Policy: default-src 'none'; style-src 'unsafe-inline'; sandbox
Content-Type: application/zip
ETag: "c69888a4ae59bc5a893392785a938ccd4937981c06ba8a9d6a21aa52b4ab5b6e"
Strict-Transport-Security: max-age=31536000
X-Content-Type-Options: nosniff
X-Frame-Options: deny
X-XSS-Protection: 1; mode=block
X-GitHub-Request-Id: 5D1C:29C8E7:E7085:13F06B:66378825
Accept-Ranges: bytes
Date: Sun, 05 May 2024 13:22:45 GMT
Via: 1.1 varnish
X-Served-By: cache-hyd1100029-HYD
X-Cache: MISS
X-Cache-Hits: 0
X-Timer: S1714915365.437627,VS0,VE250
Vary: Authorization,Accept-Encoding,Origin
Access-Control-Allow-Origin: *
Cross-Origin-Resource-Policy: cross-origin
X-Fastly-Request-ID: f56c7056b4aadcd6c7790d6de5237732902f66c9
Expires: Sun, 05 May 2024 13:27:45 GMT
Source-Age: 0

!!]
[2024-05-05 18:52:47,685 INFO data_ingestion - Zip extration started!]
[2024-05-05 18:52:47,694 INFO data_ingestion - Zip extraction completed!]
[2024-05-05 18:52:47,694 INFO data_ingestion_pipeline - Data Ingestion process Completed!]
[2024-05-05 18:52:47,694 INFO main - >>>>>>> Data ingestion pipeline completed! <<<<<<<<]
[2024-05-05 18:52:47,694 INFO main - >>>>>>> Data validation pipeline started! <<<<<<<<]
[2024-05-05 18:52:47,694 INFO data_validation_pipeline - Data Validation process started...]
[2024-05-05 18:52:47,697 INFO common - yaml file: config\config.yaml loaded successfully]
[2024-05-05 18:52:47,698 INFO common - yaml file: params.yaml loaded successfully]
[2024-05-05 18:52:47,700 INFO common - yaml file: schema.yaml loaded successfully]
[2024-05-05 18:52:47,700 INFO common - created directory at: artifacts]
[2024-05-05 18:52:47,701 INFO common - created directory at: artifacts/data_validation]
[2024-05-05 18:52:47,796 INFO data_validation_pipeline - Data Validation process Completed!]
[2024-05-05 18:52:47,797 INFO main - >>>>>>> Data validation pipeline completed! <<<<<<<<]
[2024-05-05 18:52:47,797 INFO main - >>>>>>> Data transformation pipeline started! <<<<<<<<]
[2024-05-05 18:52:47,800 INFO data_transformation_pipeline - Data Transformation process started...]
[2024-05-05 18:52:47,803 INFO common - yaml file: config\config.yaml loaded successfully]
[2024-05-05 18:52:47,804 INFO common - yaml file: params.yaml loaded successfully]
[2024-05-05 18:52:47,807 INFO common - yaml file: schema.yaml loaded successfully]
[2024-05-05 18:52:47,807 INFO common - created directory at: artifacts]
[2024-05-05 18:52:47,808 INFO common - created directory at: artifacts/data_transformation]
[2024-05-05 18:52:47,825 INFO data_transformation - Splitted the data into training set and testing set]
[2024-05-05 18:52:47,825 INFO data_transformation - (1199, 12)]
[2024-05-05 18:52:47,825 INFO data_transformation - (400, 12)]
[2024-05-05 18:52:47,826 INFO data_transformation_pipeline - Data Transformation process Completed!]
[2024-05-05 18:52:47,826 INFO main - >>>>>>> Data transformation pipeline completed! <<<<<<<<]
[2024-05-05 18:52:47,826 INFO main - >>>>>>> Model training pipeline started! <<<<<<<<]
[2024-05-05 18:52:47,827 INFO model_training_pipeline - Model Training process started...]
[2024-05-05 18:52:47,829 INFO common - yaml file: config\config.yaml loaded successfully]
[2024-05-05 18:52:47,830 INFO common - yaml file: params.yaml loaded successfully]
[2024-05-05 18:52:47,832 INFO common - yaml file: schema.yaml loaded successfully]
[2024-05-05 18:52:47,832 INFO common - created directory at: artifacts]
[2024-05-05 18:52:47,832 INFO common - created directory at: artifacts/model_trainer]
[2024-05-05 18:52:47,860 INFO model_training_pipeline - Model Training process Completed!]
[2024-05-05 18:52:47,860 INFO main - >>>>>>> Model training pipeline completed! <<<<<<<<]
[2024-05-05 18:52:47,860 INFO main - >>>>>>> Model evaluation pipeline started! <<<<<<<<]
[2024-05-05 18:52:47,860 INFO model_evaluation_pipeline - Model Evaluation process started!:]
[2024-05-05 18:52:47,863 INFO common - yaml file: config\config.yaml loaded successfully]
[2024-05-05 18:52:47,864 INFO common - yaml file: params.yaml loaded successfully]
[2024-05-05 18:52:47,865 INFO common - yaml file: schema.yaml loaded successfully]
[2024-05-05 18:52:47,866 INFO common - created directory at: artifacts]
[2024-05-05 18:52:47,866 INFO common - created directory at: artifacts/model_evaluator]
[2024-05-05 18:52:47,879 INFO common - json file saved at: artifacts\model_evaluator\metrics.json]
[2024-05-05 18:52:47,879 INFO model_evaluation_pipeline - Model Evaluation process completed!]
[2024-05-05 18:52:47,879 INFO main - >>>>>>> Model evaluation pipeline completed! <<<<<<<<]
